<?xml version="1.0" encoding="UTF-8"?>
<testng-results ignored="0" total="1" passed="1" failed="0" skipped="0">
  <reporter-output>
  </reporter-output>
  <suite started-at="2026-01-30T16:12:54 IST" name="Suite" finished-at="2026-01-30T16:13:08 IST" duration-ms="14013">
    <groups>
    </groups>
    <test started-at="2026-01-30T16:12:54 IST" name="Test" finished-at="2026-01-30T16:13:08 IST" duration-ms="14013">
      <class name="testcases.TC_001_SignUpTest">
        <test-method is-config="true" signature="setup()[pri:0, instance:testcases.TC_001_SignUpTest@5dd6264]" started-at="2026-01-30T16:12:54 IST" name="setup" finished-at="2026-01-30T16:13:06 IST" duration-ms="11370" status="PASS">
          <reporter-output>
          </reporter-output>
        </test-method> <!-- setup -->
        <test-method signature="signUpTest()[pri:0, instance:testcases.TC_001_SignUpTest@5dd6264]" started-at="2026-01-30T16:13:06 IST" name="signUpTest" finished-at="2026-01-30T16:13:08 IST" duration-ms="2274" status="PASS">
          <reporter-output>
          </reporter-output>
        </test-method> <!-- signUpTest -->
        <test-method is-config="true" signature="tearDown()[pri:0, instance:testcases.TC_001_SignUpTest@5dd6264]" started-at="2026-01-30T16:13:08 IST" name="tearDown" finished-at="2026-01-30T16:13:08 IST" duration-ms="293" status="PASS">
          <reporter-output>
          </reporter-output>
        </test-method> <!-- tearDown -->
      </class> <!-- testcases.TC_001_SignUpTest -->
    </test> <!-- Test -->
  </suite> <!-- Suite -->
</testng-results>
