<?xml version="1.0" encoding="UTF-8"?>
<testng-results ignored="0" total="1" passed="1" failed="0" skipped="0">
  <reporter-output>
  </reporter-output>
  <suite started-at="2026-01-30T16:11:51 IST" name="Default suite" finished-at="2026-01-30T16:12:03 IST" duration-ms="11831">
    <groups>
    </groups>
    <test started-at="2026-01-30T16:11:51 IST" name="Default test" finished-at="2026-01-30T16:12:03 IST" duration-ms="11831">
      <class name="testcases.TC_001_SignUpTest">
        <test-method is-config="true" signature="setup()[pri:0, instance:testcases.TC_001_SignUpTest@333291e3]" started-at="2026-01-30T16:11:51 IST" name="setup" finished-at="2026-01-30T16:12:01 IST" duration-ms="9680" status="PASS">
          <reporter-output>
          </reporter-output>
        </test-method> <!-- setup -->
        <test-method signature="signUpTest()[pri:0, instance:testcases.TC_001_SignUpTest@333291e3]" started-at="2026-01-30T16:12:01 IST" name="signUpTest" finished-at="2026-01-30T16:12:03 IST" duration-ms="1694" status="PASS">
          <reporter-output>
          </reporter-output>
        </test-method> <!-- signUpTest -->
        <test-method is-config="true" signature="tearDown()[pri:0, instance:testcases.TC_001_SignUpTest@333291e3]" started-at="2026-01-30T16:12:03 IST" name="tearDown" finished-at="2026-01-30T16:12:03 IST" duration-ms="388" status="PASS">
          <reporter-output>
          </reporter-output>
        </test-method> <!-- tearDown -->
      </class> <!-- testcases.TC_001_SignUpTest -->
    </test> <!-- Default test -->
  </suite> <!-- Default suite -->
</testng-results>
