<?xml version="1.0" encoding="UTF-8"?>
<testng-results ignored="0" total="1" passed="1" failed="0" skipped="0">
  <reporter-output>
  </reporter-output>
  <suite started-at="2026-01-30T13:49:14 IST" name="Default suite" finished-at="2026-01-30T13:49:17 IST" duration-ms="3754">
    <groups>
    </groups>
    <test started-at="2026-01-30T13:49:14 IST" name="Default test" finished-at="2026-01-30T13:49:17 IST" duration-ms="3754">
      <class name="testcases.TC_001_SignUpTest">
        <test-method is-config="true" signature="setup()[pri:0, instance:testcases.TC_001_SignUpTest@359f7cdf]" started-at="2026-01-30T13:48:59 IST" name="setup" finished-at="2026-01-30T13:49:14 IST" duration-ms="14979" status="PASS">
          <reporter-output>
          </reporter-output>
        </test-method> <!-- setup -->
        <test-method signature="signUpTest()[pri:0, instance:testcases.TC_001_SignUpTest@359f7cdf]" started-at="2026-01-30T13:49:14 IST" name="signUpTest" finished-at="2026-01-30T13:49:17 IST" duration-ms="3309" status="PASS">
          <reporter-output>
          </reporter-output>
        </test-method> <!-- signUpTest -->
        <test-method is-config="true" signature="terminate()[pri:0, instance:testcases.TC_001_SignUpTest@359f7cdf]" started-at="2026-01-30T13:49:17 IST" name="terminate" finished-at="2026-01-30T13:49:17 IST" duration-ms="391" status="PASS">
          <reporter-output>
          </reporter-output>
        </test-method> <!-- terminate -->
      </class> <!-- testcases.TC_001_SignUpTest -->
    </test> <!-- Default test -->
  </suite> <!-- Default suite -->
</testng-results>
